<?xml version="1.0" encoding="UTF-8" ?>
<testsuite tests="18" failures="0" name="Runer.TestRunner" time="23.394" errors="4" skipped="4">
  <properties>
[...]
</properties>
  <testcase classname="| Sergii | Test123 | Tom | Peter | Manager |" name="Given user is already on Login Page" time="0.001"/>
  <testcase classname="| Sergii | Test123 | Tom | Peter | Manager |" name="When title of Login Page is CRM" time="0"/>
  <testcase classname="| Sergii | Test123 | Tom | Peter | Manager |" name="Then user enters \&quot;Sergii\&quot; and \&quot;Test123\&quot;" time="0"/>
  <testcase classname="| Sergii | Test123 | Tom | Peter | Manager |" name="Then user clicks on Login button" time="0"/>
  <testcase classname="| Sergii | Test123 | Tom | Peter | Manager |" name="Then user is on Home Page" time="0"/>
  <testcase classname="| Sergii | Test123 | Tom | Peter | Manager |" name="Then user moves to new contact page" time="0.005">
    <error type="java.lang.NullPointerException">java.lang.NullPointerException
	at stepDefinitions.ContactStepDefinition.user_moves_to_new_contact_page(ContactStepDefinition.java:19)
	at ✽.Then user moves to new contact page(./src/main/java/Features/contacts.feature:10)
</error>
  </testcase>
  <testcase classname="| Sergii | Test123 | Tom | Peter | Manager |" name="| Sergii | Test123 | Tom | Peter | Manager |" time="0.005">
    <error type="java.lang.NullPointerException">java.lang.NullPointerException
	at stepDefinitions.ContactStepDefinition.user_moves_to_new_contact_page(ContactStepDefinition.java:19)
	at ✽.Then user moves to new contact page(./src/main/java/Features/contacts.feature:10)
</error>
  </testcase>
  <testcase classname="| Sergii | Test123 | Tom | Peter | Manager |" name="Then user enters contact details \&quot;Tom\&quot; and \&quot;Peter\&quot; and \&quot;Manager\&quot;" time="0.006">
    <skipped/>
  </testcase>
  <testcase classname="| Sergii | Test123 | Tom | Peter | Manager |" name="Then close the browser" time="0.008">
    <skipped/>
  </testcase>
  <testcase classname="| Sergii | Test123 | John | Smith | Developer |" name="Given user is already on Login Page" time="0"/>
  <testcase classname="| Sergii | Test123 | John | Smith | Developer |" name="When title of Login Page is CRM" time="0"/>
  <testcase classname="| Sergii | Test123 | John | Smith | Developer |" name="Then user enters \&quot;Sergii\&quot; and \&quot;Test123\&quot;" time="0"/>
  <testcase classname="| Sergii | Test123 | John | Smith | Developer |" name="Then user clicks on Login button" time="0"/>
  <testcase classname="| Sergii | Test123 | John | Smith | Developer |" name="Then user is on Home Page" time="0"/>
  <testcase classname="| Sergii | Test123 | John | Smith | Developer |" name="Then user moves to new contact page" time="0">
    <error type="java.lang.NullPointerException">java.lang.NullPointerException
	at stepDefinitions.ContactStepDefinition.user_moves_to_new_contact_page(ContactStepDefinition.java:19)
	at ✽.Then user moves to new contact page(./src/main/java/Features/contacts.feature:10)
</error>
  </testcase>
  <testcase classname="| Sergii | Test123 | John | Smith | Developer |" name="| Sergii | Test123 | John | Smith | Developer |" time="0.001">
    <error type="java.lang.NullPointerException">java.lang.NullPointerException
	at stepDefinitions.ContactStepDefinition.user_moves_to_new_contact_page(ContactStepDefinition.java:19)
	at ✽.Then user moves to new contact page(./src/main/java/Features/contacts.feature:10)
</error>
  </testcase>
  <testcase classname="| Sergii | Test123 | John | Smith | Developer |" name="Then user enters contact details \&quot;John\&quot; and \&quot;Smith\&quot; and \&quot;Developer\&quot;" time="0.003">
    <skipped/>
  </testcase>
  <testcase classname="| Sergii | Test123 | John | Smith | Developer |" name="Then close the browser" time="0.004">
    <skipped/>
  </testcase>
</testsuite>